14:11:46.683 [main] INFO  testCases.TC_03_LoginDDT - ***** Starting TC_03_LoginDDT *****
14:11:57.949 [main] INFO  testCases.TC_03_LoginDDT - ***** Finished TC_03_LoginDDT *****
14:11:57.953 [main] INFO  testCases.TC_03_LoginDDT - ***** Starting TC_03_LoginDDT *****
14:11:58.691 [main] INFO  testCases.TC_03_LoginDDT - ***** Starting TC_03_LoginDDT *****
14:12:55.295 [main] INFO  org.testng.internal.Utils - [TestNG] Running:
  D:\Software testing\1CSE7WORKSPACE\OpencartV121\master.xml

14:13:02.548 [main] INFO  testCases.TC_03_LoginDDT - ***** Starting TC_03_LoginDDT *****
14:13:07.631 [main] INFO  testCases.TC_03_LoginDDT - ***** Finished TC_03_LoginDDT *****
14:13:07.631 [main] INFO  testCases.TC_03_LoginDDT - ***** Starting TC_03_LoginDDT *****
14:13:22.069 [main] INFO  testCases.TC_03_LoginDDT - ***** Finished TC_03_LoginDDT *****
14:13:22.069 [main] INFO  testCases.TC_03_LoginDDT - ***** Starting TC_03_LoginDDT *****
14:13:36.462 [main] INFO  testCases.TC_03_LoginDDT - ***** Finished TC_03_LoginDDT *****
14:13:36.462 [main] INFO  testCases.TC_03_LoginDDT - ***** Starting TC_03_LoginDDT *****
14:13:48.179 [main] INFO  testCases.TC_03_LoginDDT - ***** Starting TC_03_LoginDDT *****
14:20:45.310 [main] INFO  org.testng.internal.Utils - [TestNG] Running:
  D:\Software testing\1CSE7WORKSPACE\OpencartV121\master.xml

14:20:52.694 [main] INFO  testCases.TC_03_LoginDDT - ***** Starting TC_03_LoginDDT *****
14:20:57.691 [main] INFO  testCases.TC_03_LoginDDT - ***** Finished TC_03_LoginDDT *****
14:20:57.700 [main] INFO  testCases.TC_03_LoginDDT - ***** Starting TC_03_LoginDDT *****
14:21:11.992 [main] INFO  testCases.TC_03_LoginDDT - ***** Finished TC_03_LoginDDT *****
14:21:11.992 [main] INFO  testCases.TC_03_LoginDDT - ***** Starting TC_03_LoginDDT *****
14:21:26.110 [main] INFO  testCases.TC_03_LoginDDT - ***** Finished TC_03_LoginDDT *****
14:21:26.114 [main] INFO  testCases.TC_03_LoginDDT - ***** Starting TC_03_LoginDDT *****
14:21:37.471 [main] INFO  testCases.TC_03_LoginDDT - ***** Starting TC_03_LoginDDT *****
14:21:51.848 [main] INFO  testCases.TC_03_LoginDDT - ***** Finished TC_03_LoginDDT *****
15:56:23.873 [main] INFO  org.testng.internal.Utils - [TestNG] Running:
  D:\Software testing\1CSE7WORKSPACE\OpencartV121\Grouping.xml

15:56:35.802 [main] INFO  testCases.TC_01_AccountRegistrationTest - ***** Starting TC_01_AccountRegistrationTest *****
15:56:36.247 [main] INFO  testCases.TC_01_AccountRegistrationTest - ***** Clicked on MyAccount Link *****
15:56:37.879 [main] INFO  testCases.TC_01_AccountRegistrationTest - ***** Clicked on Resister Link *****
15:56:37.979 [main] INFO  testCases.TC_01_AccountRegistrationTest - ***** Providing customer details*****
15:56:40.638 [main] INFO  testCases.TC_01_AccountRegistrationTest - ***** Validating expected message *****
15:56:40.675 [main] INFO  testCases.TC_01_AccountRegistrationTest - ***** Finished TC_01_AccountRegistrationTest *****
15:56:51.903 [main] INFO  testCases.TC_02_LoginTest - ***** Starting TC_02_LoginTest *****
15:56:53.919 [main] INFO  testCases.TC_02_LoginTest - ***** Finished TC_02_LoginTest *****
16:56:11.436 [main] INFO  org.testng.internal.Utils - [TestNG] Running:
  D:\Software testing\1CSE7WORKSPACE\OpencartV121\Grouping.xml

16:56:22.798 [main] INFO  testCases.TC_01_AccountRegistrationTest - ***** Starting TC_01_AccountRegistrationTest *****
16:56:23.165 [main] INFO  testCases.TC_01_AccountRegistrationTest - ***** Clicked on MyAccount Link *****
16:56:24.299 [main] INFO  testCases.TC_01_AccountRegistrationTest - ***** Clicked on Resister Link *****
16:56:24.334 [main] INFO  testCases.TC_01_AccountRegistrationTest - ***** Providing customer details*****
16:56:26.320 [main] INFO  testCases.TC_01_AccountRegistrationTest - ***** Validating expected message *****
16:56:26.379 [main] INFO  testCases.TC_01_AccountRegistrationTest - ***** Finished TC_01_AccountRegistrationTest *****
16:56:37.092 [main] INFO  testCases.TC_02_LoginTest - ***** Starting TC_02_LoginTest *****
16:56:39.304 [main] INFO  testCases.TC_02_LoginTest - ***** Finished TC_02_LoginTest *****
16:59:44.504 [main] INFO  org.testng.internal.Utils - [TestNG] Running:
  D:\Software testing\1CSE7WORKSPACE\OpencartV121\Grouping.xml

16:59:53.778 [main] INFO  testCases.TC_01_AccountRegistrationTest - ***** Starting TC_01_AccountRegistrationTest *****
16:59:54.094 [main] INFO  testCases.TC_01_AccountRegistrationTest - ***** Clicked on MyAccount Link *****
16:59:55.324 [main] INFO  testCases.TC_01_AccountRegistrationTest - ***** Clicked on Resister Link *****
16:59:55.327 [main] INFO  testCases.TC_01_AccountRegistrationTest - ***** Providing customer details*****
16:59:57.108 [main] INFO  testCases.TC_01_AccountRegistrationTest - ***** Validating expected message *****
16:59:57.154 [main] INFO  testCases.TC_01_AccountRegistrationTest - ***** Finished TC_01_AccountRegistrationTest *****
17:00:07.425 [main] INFO  testCases.TC_02_LoginTest - ***** Starting TC_02_LoginTest *****
