22:41:43.496 [main] INFO  org.testng.internal.Utils - [TestNG] Running:
  D:\Software testing\1CSE7WORKSPACE\OpencartV121\master.xml

22:42:01.987 [main] INFO  testCases.TC_01_AccountRegistrationTest - ***** Starting TC_01_AccountRegistrationTest *****
22:42:02.166 [main] INFO  testCases.TC_01_AccountRegistrationTest - ***** Clicked on MyAccount Link *****
22:42:02.924 [main] INFO  testCases.TC_01_AccountRegistrationTest - ***** Clicked on Resister Link *****
22:42:02.936 [main] INFO  testCases.TC_01_AccountRegistrationTest - ***** Providing customer details*****
22:42:05.062 [main] INFO  testCases.TC_01_AccountRegistrationTest - ***** Validating expected message *****
22:42:05.142 [main] INFO  testCases.TC_01_AccountRegistrationTest - ***** Finished TC_01_AccountRegistrationTest *****
22:45:23.353 [main] INFO  org.testng.internal.Utils - [TestNG] Running:
  D:\Software testing\1CSE7WORKSPACE\OpencartV121\crossbrowsertesting.xml

22:45:27.055 [main] INFO  testCases.TC_01_AccountRegistrationTest - ***** Starting TC_01_AccountRegistrationTest *****
22:45:27.209 [main] INFO  testCases.TC_01_AccountRegistrationTest - ***** Clicked on MyAccount Link *****
22:45:27.823 [main] INFO  testCases.TC_01_AccountRegistrationTest - ***** Clicked on Resister Link *****
22:45:27.826 [main] INFO  testCases.TC_01_AccountRegistrationTest - ***** Providing customer details*****
22:45:29.619 [main] INFO  testCases.TC_01_AccountRegistrationTest - ***** Validating expected message *****
22:45:29.688 [main] INFO  testCases.TC_01_AccountRegistrationTest - ***** Finished TC_01_AccountRegistrationTest *****
22:45:38.335 [main] INFO  testCases.TC_01_AccountRegistrationTest - ***** Starting TC_01_AccountRegistrationTest *****
22:45:38.477 [main] INFO  testCases.TC_01_AccountRegistrationTest - ***** Clicked on MyAccount Link *****
22:45:39.150 [main] INFO  testCases.TC_01_AccountRegistrationTest - ***** Clicked on Resister Link *****
22:45:39.151 [main] INFO  testCases.TC_01_AccountRegistrationTest - ***** Providing customer details*****
22:45:40.860 [main] INFO  testCases.TC_01_AccountRegistrationTest - ***** Validating expected message *****
22:45:40.923 [main] INFO  testCases.TC_01_AccountRegistrationTest - ***** Finished TC_01_AccountRegistrationTest *****
22:45:49.667 [main] INFO  testCases.TC_01_AccountRegistrationTest - ***** Starting TC_01_AccountRegistrationTest *****
22:45:49.953 [main] INFO  testCases.TC_01_AccountRegistrationTest - ***** Clicked on MyAccount Link *****
22:45:50.665 [main] INFO  testCases.TC_01_AccountRegistrationTest - ***** Clicked on Resister Link *****
22:45:50.665 [main] INFO  testCases.TC_01_AccountRegistrationTest - ***** Providing customer details*****
22:45:52.460 [main] INFO  testCases.TC_01_AccountRegistrationTest - ***** Validating expected message *****
22:45:52.518 [main] INFO  testCases.TC_01_AccountRegistrationTest - ***** Finished TC_01_AccountRegistrationTest *****
22:46:12.751 [main] INFO  org.testng.internal.Utils - [TestNG] Running:
  D:\Software testing\1CSE7WORKSPACE\OpencartV121\crossbrowsertesting.xml

22:46:17.818 [TestNG-tests-2] INFO  testCases.TC_01_AccountRegistrationTest - ***** Starting TC_01_AccountRegistrationTest *****
22:46:17.901 [TestNG-tests-1] INFO  testCases.TC_01_AccountRegistrationTest - ***** Starting TC_01_AccountRegistrationTest *****
22:46:18.221 [TestNG-tests-2] INFO  testCases.TC_01_AccountRegistrationTest - ***** Clicked on MyAccount Link *****
22:46:18.294 [TestNG-tests-1] INFO  testCases.TC_01_AccountRegistrationTest - ***** Clicked on MyAccount Link *****
22:46:19.565 [TestNG-tests-2] INFO  testCases.TC_01_AccountRegistrationTest - ***** Clicked on Resister Link *****
22:46:19.740 [TestNG-tests-2] INFO  testCases.TC_01_AccountRegistrationTest - ***** Providing customer details*****
22:46:19.908 [TestNG-tests-1] INFO  testCases.TC_01_AccountRegistrationTest - ***** Clicked on Resister Link *****
22:46:19.909 [TestNG-tests-1] INFO  testCases.TC_01_AccountRegistrationTest - ***** Providing customer details*****
22:46:22.752 [TestNG-tests-1] INFO  testCases.TC_01_AccountRegistrationTest - ***** Validating expected message *****
22:46:22.934 [TestNG-tests-1] INFO  testCases.TC_01_AccountRegistrationTest - ***** Finished TC_01_AccountRegistrationTest *****
22:46:23.098 [TestNG-tests-2] INFO  testCases.TC_01_AccountRegistrationTest - ***** Validating expected message *****
22:46:23.307 [TestNG-tests-2] INFO  testCases.TC_01_AccountRegistrationTest - ***** Finished TC_01_AccountRegistrationTest *****
22:46:25.238 [TestNG-tests-3] INFO  testCases.TC_01_AccountRegistrationTest - ***** Starting TC_01_AccountRegistrationTest *****
22:46:25.558 [TestNG-tests-3] INFO  testCases.TC_01_AccountRegistrationTest - ***** Clicked on MyAccount Link *****
22:46:26.192 [TestNG-tests-3] INFO  testCases.TC_01_AccountRegistrationTest - ***** Clicked on Resister Link *****
22:46:26.193 [TestNG-tests-3] INFO  testCases.TC_01_AccountRegistrationTest - ***** Providing customer details*****
