17:00:09.602 [main] INFO  testCases.TC_02_LoginTest - ***** Finished TC_02_LoginTest *****
17:01:57.038 [main] INFO  org.testng.internal.Utils - [TestNG] Running:
  D:\Software testing\1CSE7WORKSPACE\OpencartV121\Grouping.xml

17:02:05.785 [main] INFO  testCases.TC_01_AccountRegistrationTest - ***** Starting TC_01_AccountRegistrationTest *****
17:02:06.102 [main] INFO  testCases.TC_01_AccountRegistrationTest - ***** Clicked on MyAccount Link *****
17:02:07.240 [main] INFO  testCases.TC_01_AccountRegistrationTest - ***** Clicked on Resister Link *****
17:02:07.243 [main] INFO  testCases.TC_01_AccountRegistrationTest - ***** Providing customer details*****
17:02:09.237 [main] INFO  testCases.TC_01_AccountRegistrationTest - ***** Validating expected message *****
17:02:09.288 [main] INFO  testCases.TC_01_AccountRegistrationTest - ***** Finished TC_01_AccountRegistrationTest *****
17:02:19.394 [main] INFO  testCases.TC_02_LoginTest - ***** Starting TC_02_LoginTest *****
17:04:04.792 [main] INFO  org.testng.internal.Utils - [TestNG] Running:
  D:\Software testing\1CSE7WORKSPACE\OpencartV121\Grouping.xml

17:04:14.622 [main] INFO  testCases.TC_01_AccountRegistrationTest - ***** Starting TC_01_AccountRegistrationTest *****
17:04:15.091 [main] INFO  testCases.TC_01_AccountRegistrationTest - ***** Clicked on MyAccount Link *****
17:04:17.492 [main] INFO  testCases.TC_01_AccountRegistrationTest - ***** Clicked on Resister Link *****
17:04:17.593 [main] INFO  testCases.TC_01_AccountRegistrationTest - ***** Providing customer details*****
17:04:19.380 [main] INFO  testCases.TC_01_AccountRegistrationTest - ***** Validating expected message *****
17:04:19.431 [main] INFO  testCases.TC_01_AccountRegistrationTest - ***** Finished TC_01_AccountRegistrationTest *****
17:04:30.127 [main] INFO  testCases.TC_02_LoginTest - ***** Starting TC_02_LoginTest *****
14:16:40.527 [main] INFO  org.testng.internal.Utils - [TestNG] Running:
  D:\Software testing\1CSE7WORKSPACE\OpencartV121\master.xml

14:18:26.529 [main] INFO  org.testng.internal.Utils - [TestNG] Running:
  D:\Software testing\1CSE7WORKSPACE\OpencartV121\master.xml

14:19:22.432 [main] INFO  org.testng.internal.Utils - [TestNG] Running:
  D:\Software testing\1CSE7WORKSPACE\OpencartV121\master.xml

14:20:26.424 [main] INFO  org.testng.internal.Utils - [TestNG] Running:
  D:\Software testing\1CSE7WORKSPACE\OpencartV121\master.xml

14:23:50.558 [main] INFO  org.testng.internal.Utils - [TestNG] Running:
  D:\Software testing\1CSE7WORKSPACE\OpencartV121\master.xml

14:26:54.146 [main] INFO  org.testng.internal.Utils - [TestNG] Running:
  D:\Software testing\1CSE7WORKSPACE\OpencartV121\master.xml

14:29:14.885 [main] INFO  org.testng.internal.Utils - [TestNG] Running:
  D:\Software testing\1CSE7WORKSPACE\OpencartV121\master.xml

14:29:26.474 [main] INFO  testCases.TC_01_AccountRegistrationTest - ***** Starting TC_01_AccountRegistrationTest *****
14:29:26.668 [main] INFO  testCases.TC_01_AccountRegistrationTest - ***** Clicked on MyAccount Link *****
14:29:27.307 [main] INFO  testCases.TC_01_AccountRegistrationTest - ***** Clicked on Resister Link *****
14:29:27.315 [main] INFO  testCases.TC_01_AccountRegistrationTest - ***** Providing customer details*****
14:29:29.097 [main] INFO  testCases.TC_01_AccountRegistrationTest - ***** Validating expected message *****
14:29:29.167 [main] INFO  testCases.TC_01_AccountRegistrationTest - ***** Finished TC_01_AccountRegistrationTest *****
14:29:32.525 [main] INFO  testCases.TC_02_LoginTest - ***** Starting TC_02_LoginTest *****
14:30:21.935 [main] INFO  org.testng.internal.Utils - [TestNG] Running:
  D:\Software testing\1CSE7WORKSPACE\OpencartV121\master.xml

14:30:25.802 [main] INFO  testCases.TC_01_AccountRegistrationTest - ***** Starting TC_01_AccountRegistrationTest *****
14:30:25.917 [main] INFO  testCases.TC_01_AccountRegistrationTest - ***** Clicked on MyAccount Link *****
14:30:26.618 [main] INFO  testCases.TC_01_AccountRegistrationTest - ***** Clicked on Resister Link *****
14:30:26.623 [main] INFO  testCases.TC_01_AccountRegistrationTest - ***** Providing customer details*****
14:30:28.523 [main] INFO  testCases.TC_01_AccountRegistrationTest - ***** Validating expected message *****
14:30:28.571 [main] INFO  testCases.TC_01_AccountRegistrationTest - ***** Finished TC_01_AccountRegistrationTest *****
14:30:31.765 [main] INFO  testCases.TC_02_LoginTest - ***** Starting TC_02_LoginTest *****
14:33:29.093 [main] INFO  org.testng.internal.Utils - [TestNG] Running:
  D:\Software testing\1CSE7WORKSPACE\OpencartV121\master.xml

14:33:32.575 [main] INFO  testCases.TC_01_AccountRegistrationTest - ***** Starting TC_01_AccountRegistrationTest *****
14:33:32.714 [main] INFO  testCases.TC_01_AccountRegistrationTest - ***** Clicked on MyAccount Link *****
14:33:33.407 [main] INFO  testCases.TC_01_AccountRegistrationTest - ***** Clicked on Resister Link *****
14:33:33.412 [main] INFO  testCases.TC_01_AccountRegistrationTest - ***** Providing customer details*****
